# JRE version: OpenJDK Runtime Environment JBR-11.0.9.1.11-1145.77-jcef (11.0.9.1+11) (build 11.0.9.1+11-b1145.77)
# Java VM: OpenJDK 64-Bit Server VM JBR-11.0.9.1.11-1145.77-jcef (11.0.9.1+11-b1145.77, mixed mode, tiered, compressed oops, g1 gc, windows-amd64)
Heap:
 garbage-first heap   total 65536K, used 23956K [0x00000000c1c00000, 0x0000000100000000)
  region size 1024K, 11 young (11264K), 2 survivors (2048K)
 Metaspace       used 42554K, capacity 43623K, committed 43824K, reserved 1087488K
  class space    used 4992K, capacity 5421K, committed 5504K, reserved 1048576K
GC Heap History (20 events):
Event: 11.623 GC heap before
{Heap before GC invocations=1 (full 0):
 garbage-first heap   total 65536K, used 40793K [0x00000000c1c00000, 0x0000000100000000)
  region size 1024K, 37 young (37888K), 2 survivors (2048K)
 Metaspace       used 18188K, capacity 18653K, committed 18816K, reserved 1067008K
  class space    used 1975K, capacity 2147K, committed 2176K, reserved 1048576K
}
Event: 11.783 GC heap after
{Heap after GC invocations=2 (full 0):
 garbage-first heap   total 65536K, used 8141K [0x00000000c1c00000, 0x0000000100000000)
  region size 1024K, 5 young (5120K), 5 survivors (5120K)
 Metaspace       used 18188K, capacity 18653K, committed 18816K, reserved 1067008K
  class space    used 1975K, capacity 2147K, committed 2176K, reserved 1048576K
}
Event: 12.248 GC heap before
{Heap before GC invocations=2 (full 0):
 garbage-first heap   total 65536K, used 19405K [0x00000000c1c00000, 0x0000000100000000)
  region size 1024K, 18 young (18432K), 5 survivors (5120K)
 Metaspace       used 20608K, capacity 21147K, committed 21296K, reserved 1069056K
  class space    used 2216K, capacity 2402K, committed 2432K, reserved 1048576K
}
Event: 12.262 GC heap after
{Heap after GC invocations=3 (full 0):
 garbage-first heap   total 65536K, used 8598K [0x00000000c1c00000, 0x0000000100000000)
  region size 1024K, 3 young (3072K), 3 survivors (3072K)
 Metaspace       used 20608K, capacity 21147K, committed 21296K, reserved 1069056K
  class space    used 2216K, capacity 2402K, committed 2432K, reserved 1048576K
}
Event: 14.995 GC heap before
{Heap before GC invocations=4 (full 0):
 garbage-first heap   total 65536K, used 42390K [0x00000000c1c00000, 0x0000000100000000)
  region size 1024K, 37 young (37888K), 3 survivors (3072K)
 Metaspace       used 23921K, capacity 24522K, committed 24624K, reserved 1071104K
  class space    used 2678K, capacity 2893K, committed 2944K, reserved 1048576K
}
Event: 15.003 GC heap after
{Heap after GC invocations=5 (full 0):
 garbage-first heap   total 65536K, used 9440K [0x00000000c1c00000, 0x0000000100000000)
  region size 1024K, 4 young (4096K), 4 survivors (4096K)
 Metaspace       used 23921K, capacity 24522K, committed 24624K, reserved 1071104K
  class space    used 2678K, capacity 2893K, committed 2944K, reserved 1048576K
}
Event: 17.763 GC heap before
{Heap before GC invocations=5 (full 0):
 garbage-first heap   total 65536K, used 43232K [0x00000000c1c00000, 0x0000000100000000)
  region size 1024K, 38 young (38912K), 4 survivors (4096K)
 Metaspace       used 25004K, capacity 25653K, committed 25776K, reserved 1073152K
  class space    used 2790K, capacity 3011K, committed 3072K, reserved 1048576K
}
Event: 17.773 GC heap after
{Heap after GC invocations=6 (full 0):
 garbage-first heap   total 65536K, used 10081K [0x00000000c1c00000, 0x0000000100000000)
  region size 1024K, 3 young (3072K), 3 survivors (3072K)
 Metaspace       used 25004K, capacity 25653K, committed 25776K, reserved 1073152K
  class space    used 2790K, capacity 3011K, committed 3072K, reserved 1048576K
}
Event: 26.127 GC heap before
{Heap before GC invocations=6 (full 0):
 garbage-first heap   total 65536K, used 45921K [0x00000000c1c00000, 0x0000000100000000)
  region size 1024K, 38 young (38912K), 3 survivors (3072K)
 Metaspace       used 28454K, capacity 29307K, committed 29360K, reserved 1075200K
  class space    used 3236K, capacity 3581K, committed 3584K, reserved 1048576K
}
Event: 26.144 GC heap after
{Heap after GC invocations=7 (full 0):
 garbage-first heap   total 65536K, used 11593K [0x00000000c1c00000, 0x0000000100000000)
  region size 1024K, 4 young (4096K), 4 survivors (4096K)
 Metaspace       used 28454K, capacity 29307K, committed 29360K, reserved 1075200K
  class space    used 3236K, capacity 3581K, committed 3584K, reserved 1048576K
}
Event: 39.201 GC heap before
{Heap before GC invocations=7 (full 0):
 garbage-first heap   total 65536K, used 46409K [0x00000000c1c00000, 0x0000000100000000)
  region size 1024K, 38 young (38912K), 4 survivors (4096K)
 Metaspace       used 34185K, capacity 35212K, committed 35376K, reserved 1081344K
  class space    used 3984K, capacity 4432K, committed 4480K, reserved 1048576K
}
Event: 39.243 GC heap after
{Heap after GC invocations=8 (full 0):
 garbage-first heap   total 65536K, used 13934K [0x00000000c1c00000, 0x0000000100000000)
  region size 1024K, 5 young (5120K), 5 survivors (5120K)
 Metaspace       used 34185K, capacity 35212K, committed 35376K, reserved 1081344K
  class space    used 3984K, capacity 4432K, committed 4480K, reserved 1048576K
}
Event: 39.500 GC heap before
{Heap before GC invocations=8 (full 0):
 garbage-first heap   total 65536K, used 14958K [0x00000000c1c00000, 0x0000000100000000)
  region size 1024K, 7 young (7168K), 5 survivors (5120K)
 Metaspace       used 34565K, capacity 35540K, committed 35632K, reserved 1081344K
  class space    used 4016K, capacity 4435K, committed 4480K, reserved 1048576K
}
Event: 39.529 GC heap after
{Heap after GC invocations=9 (full 0):
 garbage-first heap   total 65536K, used 14628K [0x00000000c1c00000, 0x0000000100000000)
  region size 1024K, 1 young (1024K), 1 survivors (1024K)
 Metaspace       used 34565K, capacity 35540K, committed 35632K, reserved 1081344K
  class space    used 4016K, capacity 4435K, committed 4480K, reserved 1048576K
}
Event: 40.019 GC heap before
{Heap before GC invocations=10 (full 0):
 garbage-first heap   total 65536K, used 36132K [0x00000000c1c00000, 0x0000000100000000)
  region size 1024K, 23 young (23552K), 1 survivors (1024K)
 Metaspace       used 34584K, capacity 35636K, committed 35888K, reserved 1081344K
  class space    used 4018K, capacity 4467K, committed 4480K, reserved 1048576K
}
Event: 40.022 GC heap after
{Heap after GC invocations=11 (full 0):
 garbage-first heap   total 65536K, used 14064K [0x00000000c1c00000, 0x0000000100000000)
  region size 1024K, 1 young (1024K), 1 survivors (1024K)
 Metaspace       used 34584K, capacity 35636K, committed 35888K, reserved 1081344K
  class space    used 4018K, capacity 4467K, committed 4480K, reserved 1048576K
}
Event: 41.660 GC heap before
{Heap before GC invocations=11 (full 0):
 garbage-first heap   total 65536K, used 38640K [0x00000000c1c00000, 0x0000000100000000)
  region size 1024K, 26 young (26624K), 1 survivors (1024K)
 Metaspace       used 35346K, capacity 36372K, committed 36528K, reserved 1081344K
  class space    used 4126K, capacity 4564K, committed 4608K, reserved 1048576K
}
Event: 41.666 GC heap after
{Heap after GC invocations=12 (full 0):
 garbage-first heap   total 65536K, used 14224K [0x00000000c1c00000, 0x0000000100000000)
  region size 1024K, 1 young (1024K), 1 survivors (1024K)
 Metaspace       used 35346K, capacity 36372K, committed 36528K, reserved 1081344K
  class space    used 4126K, capacity 4564K, committed 4608K, reserved 1048576K
}
Event: 49.304 GC heap before
{Heap before GC invocations=12 (full 0):
 garbage-first heap   total 65536K, used 41872K [0x00000000c1c00000, 0x0000000100000000)
  region size 1024K, 28 young (28672K), 1 survivors (1024K)
 Metaspace       used 40684K, capacity 41749K, committed 42032K, reserved 1085440K
  class space    used 4759K, capacity 5161K, committed 5248K, reserved 1048576K
}
Event: 49.325 GC heap after
{Heap after GC invocations=13 (full 0):
 garbage-first heap   total 65536K, used 15764K [0x00000000c1c00000, 0x0000000100000000)
  region size 1024K, 2 young (2048K), 2 survivors (2048K)
 Metaspace       used 40684K, capacity 41749K, committed 42032K, reserved 1085440K
  class space    used 4759K, capacity 5161K, committed 5248K, reserved 1048576K
}

